================================================================================
Test started at: 2026-01-04 08:23:31
Log file: fp32_softmax.log
================================================================================


================================================================================
SOFTMAX FP32 PRECISION TEST
Ground Truth: softmax-fp64-cpu (PyTorch)
Under Test: 1) softmax-fp32-cpu (PyTorch)
            2) softmax-fp32-gpu (cuDNN)
================================================================================

================================================================================
Test Case: Normal range [-10, 10]
Shape: torch.Size([4, 128]), Range: [-1.2925e+01, 1.4170e+01]
================================================================================

softmax-fp32-cpu:
  Max Absolute Error:  7.807910e-08
  Mean Absolute Error: 3.981234e-10
  Max Relative Error:  1.118891e-06
  Mean Relative Error: 2.584399e-07
  Inf Count:           0
  NaN Count:           0

softmax-fp32-gpu (cuDNN):
  Max Absolute Error:  4.113019e-08
  Mean Absolute Error: 4.022527e-10
  Max Relative Error:  1.118891e-06
  Mean Relative Error: 2.637381e-07
  Inf Count:           0
  NaN Count:           0

================================================================================
Test Case: Large positive [50, 100]
Shape: torch.Size([4, 128]), Range: [5.0146e+01, 9.9895e+01]
================================================================================

softmax-fp32-cpu:
  Max Absolute Error:  2.091323e-08
  Mean Absolute Error: 4.742149e-10
  Max Relative Error:  1.553623e-07
  Mean Relative Error: 4.787238e-08
  Inf Count:           0
  NaN Count:           0

softmax-fp32-gpu (cuDNN):
  Max Absolute Error:  1.892169e-08
  Mean Absolute Error: 4.593455e-10
  Max Relative Error:  2.292768e-07
  Mean Relative Error: 6.233131e-08
  Inf Count:           0
  NaN Count:           0

================================================================================
Test Case: Large negative [-100, -50]
Shape: torch.Size([4, 128]), Range: [-9.9923e+01, -5.0192e+01]
================================================================================

softmax-fp32-cpu:
  Max Absolute Error:  3.434784e-08
  Mean Absolute Error: 3.520167e-10
  Max Relative Error:  1.839254e-07
  Mean Relative Error: 4.885539e-08
  Inf Count:           0
  NaN Count:           0

softmax-fp32-gpu (cuDNN):
  Max Absolute Error:  2.525681e-08
  Mean Absolute Error: 3.560268e-10
  Max Relative Error:  1.909066e-07
  Mean Relative Error: 4.767175e-08
  Inf Count:           0
  NaN Count:           0

================================================================================
Test Case: Mixed extremes [-100, 100]
Shape: torch.Size([4, 128]), Range: [-1.9163e+02, 1.4597e+02]
================================================================================

softmax-fp32-cpu:
  Max Absolute Error:  7.721315e-08
  Mean Absolute Error: 2.187906e-10
  Max Relative Error:  1.194424e-07
  Mean Relative Error: 2.526784e-09
  Inf Count:           0
  NaN Count:           0

softmax-fp32-gpu (cuDNN):
  Max Absolute Error:  7.721315e-08
  Mean Absolute Error: 2.191759e-10
  Max Relative Error:  1.701271e-07
  Mean Relative Error: 3.972331e-09
  Inf Count:           0
  NaN Count:           0

================================================================================
Test Case: Very large positive [80, 120]
Shape: torch.Size([4, 128]), Range: [8.0158e+01, 1.1988e+02]
================================================================================

softmax-fp32-cpu:
  Max Absolute Error:  2.944271e-08
  Mean Absolute Error: 3.873133e-10
  Max Relative Error:  1.549851e-07
  Mean Relative Error: 4.997535e-08
  Inf Count:           0
  NaN Count:           0

softmax-fp32-gpu (cuDNN):
  Max Absolute Error:  2.944271e-08
  Mean Absolute Error: 3.341778e-10
  Max Relative Error:  2.001599e-07
  Mean Relative Error: 5.712586e-08
  Inf Count:           0
  NaN Count:           0

================================================================================
Test Case: Near fp32 max
Shape: torch.Size([32, 4]), Range: [1.0000e+30, 1.0000e+33]
================================================================================

softmax-fp32-cpu:
  Max Absolute Error:  0.000000e+00
  Mean Absolute Error: 0.000000e+00
  Max Relative Error:  0.000000e+00
  Mean Relative Error: 0.000000e+00
  Inf Count:           0
  NaN Count:           0

softmax-fp32-gpu (cuDNN):
  Max Absolute Error:  0.000000e+00
  Mean Absolute Error: 0.000000e+00
  Max Relative Error:  0.000000e+00
  Mean Relative Error: 0.000000e+00
  Inf Count:           0
  NaN Count:           0

================================================================================
Test Case: One dominant large value
Shape: torch.Size([4, 128]), Range: [-1.0000e+01, 5.0000e+01]
================================================================================

softmax-fp32-cpu:
  Max Absolute Error:  1.300242e-34
  Mean Absolute Error: 1.290084e-34
  Max Relative Error:  1.300241e-14
  Mean Relative Error: 1.290083e-14
  Inf Count:           0
  NaN Count:           0

softmax-fp32-gpu (cuDNN):
  Max Absolute Error:  6.403477e-34
  Mean Absolute Error: 6.353450e-34
  Max Relative Error:  6.403472e-14
  Mean Relative Error: 6.353445e-14
  Inf Count:           0
  NaN Count:           0

================================================================================
Test Case: All equal values
Shape: torch.Size([4, 128]), Range: [5.0000e+00, 5.0000e+00]
================================================================================

softmax-fp32-cpu:
  Max Absolute Error:  0.000000e+00
  Mean Absolute Error: 0.000000e+00
  Max Relative Error:  0.000000e+00
  Mean Relative Error: 0.000000e+00
  Inf Count:           0
  NaN Count:           0

softmax-fp32-gpu (cuDNN):
  Max Absolute Error:  0.000000e+00
  Mean Absolute Error: 0.000000e+00
  Max Relative Error:  0.000000e+00
  Mean Relative Error: 0.000000e+00
  Inf Count:           0
  NaN Count:           0

================================================================================
Test Case: Small differences (1e-6)
Shape: torch.Size([4, 128]), Range: [1.0000e+01, 1.0000e+01]
================================================================================

softmax-fp32-cpu:
  Max Absolute Error:  2.910928e-10
  Mean Absolute Error: 1.600721e-10
  Max Relative Error:  3.726003e-08
  Mean Relative Error: 2.048922e-08
  Inf Count:           0
  NaN Count:           0

softmax-fp32-gpu (cuDNN):
  Max Absolute Error:  7.567541e-10
  Mean Absolute Error: 2.009994e-10
  Max Relative Error:  9.686491e-08
  Mean Relative Error: 2.572793e-08
  Inf Count:           0
  NaN Count:           0

================================================================================
Test Case: Large sequence [2048]
Shape: torch.Size([2, 2048]), Range: [-3.3865e+01, 3.2091e+01]
================================================================================

softmax-fp32-cpu:
  Max Absolute Error:  2.037645e-08
  Mean Absolute Error: 1.358163e-11
  Max Relative Error:  2.036009e-06
  Mean Relative Error: 5.898273e-07
  Inf Count:           0
  NaN Count:           0

softmax-fp32-gpu (cuDNN):
  Max Absolute Error:  4.822660e-08
  Mean Absolute Error: 3.089826e-11
  Max Relative Error:  2.152424e-06
  Mean Relative Error: 6.083343e-07
  Inf Count:           0
  NaN Count:           0

================================================================================
Test Case: Alternating extremes
Shape: torch.Size([4, 128]), Range: [-5.0000e+01, 5.0000e+01]
================================================================================

softmax-fp32-cpu:
  Max Absolute Error:  5.812619e-46
  Mean Absolute Error: 2.906309e-46
  Max Relative Error:  5.812619e-26
  Mean Relative Error: 2.906309e-26
  Inf Count:           0
  NaN Count:           0

softmax-fp32-gpu (cuDNN):
  Max Absolute Error:  5.812619e-46
  Mean Absolute Error: 2.906309e-46
  Max Relative Error:  5.812619e-26
  Mean Relative Error: 2.906309e-26
  Inf Count:           0
  NaN Count:           0

================================================================================
Test Case: Exponential decay
Shape: torch.Size([4, 128]), Range: [4.5400e-05, 1.0000e+00]
================================================================================

softmax-fp32-cpu:
  Max Absolute Error:  1.416167e-09
  Mean Absolute Error: 2.481527e-10
  Max Relative Error:  1.057791e-07
  Mean Relative Error: 3.141941e-08
  Inf Count:           0
  NaN Count:           0

softmax-fp32-gpu (cuDNN):
  Max Absolute Error:  1.505619e-09
  Mean Absolute Error: 5.876401e-10
  Max Relative Error:  2.060502e-07
  Mean Relative Error: 7.919696e-08
  Inf Count:           0
  NaN Count:           0

================================================================================
Test Case: Near-zero values [-1e-3, 1e-3]
Shape: torch.Size([4, 128]), Range: [-2.8671e-03, 2.5650e-03]
================================================================================

softmax-fp32-cpu:
  Max Absolute Error:  1.121213e-09
  Mean Absolute Error: 3.330693e-10
  Max Relative Error:  1.433247e-07
  Mean Relative Error: 4.263075e-08
  Inf Count:           0
  NaN Count:           0

softmax-fp32-gpu (cuDNN):
  Max Absolute Error:  1.218326e-09
  Mean Absolute Error: 3.157823e-10
  Max Relative Error:  1.558573e-07
  Mean Relative Error: 4.041824e-08
  Inf Count:           0
  NaN Count:           0

================================================================================
Test Case: Attention with mask [16, 512]
Shape: torch.Size([16, 512]), Range: [-1.0000e+04, 1.7696e+01]
================================================================================

softmax-fp32-cpu:
  Max Absolute Error:  1.478318e-07
  Mean Absolute Error: 1.160543e-10
  Max Relative Error:  2.064028e-06
  Mean Relative Error: 2.458719e-07
  Inf Count:           0
  NaN Count:           0

softmax-fp32-gpu (cuDNN):
  Max Absolute Error:  6.236059e-08
  Mean Absolute Error: 1.132380e-10
  Max Relative Error:  1.864800e-06
  Mean Relative Error: 2.477000e-07
  Inf Count:           0
  NaN Count:           0

================================================================================
Test Case: Near fp32 precision limit
Shape: torch.Size([32, 4]), Range: [1.6777e+07, 1.6777e+07]
================================================================================

softmax-fp32-cpu:
  Max Absolute Error:  9.447664e-09
  Mean Absolute Error: 2.793968e-09
  Max Relative Error:  3.017139e-08
  Mean Relative Error: 1.955361e-08
  Inf Count:           0
  NaN Count:           0

softmax-fp32-gpu (cuDNN):
  Max Absolute Error:  1.568632e-08
  Mean Absolute Error: 6.519258e-09
  Max Relative Error:  1.358393e-07
  Mean Relative Error: 5.181360e-08
  Inf Count:           0
  NaN Count:           0

================================================================================
Test Case: Gradient-like values [1e-4, 1e-2]
Shape: torch.Size([4, 128]), Range: [1.1781e-04, 1.0097e-02]
================================================================================

softmax-fp32-cpu:
  Max Absolute Error:  8.955256e-10
  Mean Absolute Error: 2.739625e-10
  Max Relative Error:  1.144942e-07
  Mean Relative Error: 3.505660e-08
  Inf Count:           0
  NaN Count:           0

softmax-fp32-gpu (cuDNN):
  Max Absolute Error:  1.129345e-09
  Mean Absolute Error: 3.361075e-10
  Max Relative Error:  1.440936e-07
  Mean Relative Error: 4.300673e-08
  Inf Count:           0
  NaN Count:           0

================================================================================
SUMMARY
================================================================================

softmax-fp32-gpu (cuDNN):
  Total test cases: 16
  Max absolute error across all cases: 7.721315e-08
  Min absolute error across all cases: 0.000000e+00
  Avg absolute error across all cases: 2.017801e-08
  Median absolute error: 8.595971e-09
  Std absolute error: 2.432623e-08
  95th percentile absolute error: 6.607373e-08
  Max relative error across all cases: 2.152424e-06
  Avg relative error across all cases: 4.165806e-07
  Median relative error: 1.629922e-07
  Avg of mean absolute errors: 6.171814e-10
  Avg of mean relative errors: 9.568982e-08
  Total Inf count: 0
  Total NaN count: 0

  Worst absolute error case: Mixed extremes [-100, 100]
    Error: 7.721315e-08
  Worst relative error case: Large sequence [2048]
    Error: 2.152424e-06

softmax-fp32-cpu:
  Total test cases: 16
  Max absolute error across all cases: 1.478318e-07
  Min absolute error across all cases: 0.000000e+00
  Avg absolute error across all cases: 2.633599e-08
  Median absolute error: 5.431915e-09
  Std absolute error: 4.016195e-08
  95th percentile absolute error: 9.551726e-08
  Max relative error across all cases: 2.064028e-06
  Avg relative error across all cases: 3.914795e-07
  Median relative error: 1.169683e-07
  Avg of mean absolute errors: 3.605825e-10
  Avg of mean relative errors: 8.703242e-08
  Total Inf count: 0
  Total NaN count: 0

  Worst absolute error case: Attention with mask [16, 512]
    Error: 1.478318e-07
  Worst relative error case: Attention with mask [16, 512]
    Error: 2.064028e-06

================================================================================
OVERALL METRICS - COMPARISON
================================================================================

Comparing 16 test cases

--- Absolute Error Comparison ---
CPU - Overall Max: 1.478318e-07, Overall Avg: 2.633599e-08
GPU - Overall Max: 7.721315e-08, Overall Avg: 2.017801e-08
Difference (GPU - CPU):
  Max difference: 2.785015e-08
  Mean difference: -6.157986e-09
  Median difference: 0.000000e+00
  GPU better: 4/16 cases
  GPU worse: 7/16 cases
  GPU equal: 5/16 cases

--- Relative Error Comparison ---
CPU - Overall Max: 2.064028e-06, Overall Avg: 3.914795e-07
GPU - Overall Max: 2.152424e-06, Overall Avg: 4.165806e-07
Difference (GPU - CPU):
  Max difference: 1.164144e-07
  Mean difference: 2.510110e-08

--- Mean Error Comparison ---
CPU - Avg of mean abs errors: 3.605825e-10
GPU - Avg of mean abs errors: 6.171814e-10

--- Numerical Stability ---
CPU - Total Infs: 0, Total NaNs: 0
GPU - Total Infs: 0, Total NaNs: 0

--- Error Distribution (Max Absolute Errors) ---
Threshold       CPU Count       GPU Count
< 1e-10         4               4
< 1e-09         6               5
< 1e-08         9               8
< 1e-07         15              16
< 1e-06         16              16
< 1e-05         16              16
< 1e-04         16              16

--- Overall Assessment ---
✓ GPU implementation has LOWER average max absolute error by 23.38%
= Both implementations have equal numerical stability

Overall Precision Grade: VERY GOOD (max error: 1.478318e-07)

================================================================================

================================================================================
Test completed at: 2026-01-04 08:23:31
Results saved to: fp32_softmax.log
================================================================================
